<?xml version="1.0" encoding="UTF-8"?>
<testng-results ignored="0" total="2" passed="2" failed="0" skipped="0">
  <reporter-output>
  </reporter-output>
  <suite started-at="2021-06-28T18:09:06 IST" name="All Test Suite" finished-at="2021-06-28T18:09:41 IST" duration-ms="34457">
    <groups>
      <group name="cucumber">
        <method signature="AbstractTestNGCucumberTests.feature(cucumber.api.testng.CucumberFeatureWrapper)[pri:0, instance:cucumberOptions.TestRunner@7ea37dbf]" name="feature" class="cucumber.api.testng.AbstractTestNGCucumberTests"/>
      </group> <!-- cucumber -->
    </groups>
    <test started-at="2021-06-28T18:09:06 IST" name="Validating User login" finished-at="2021-06-28T18:09:41 IST" duration-ms="34457">
      <class name="cucumberOptions.TestRunner">
        <test-method is-config="true" signature="setUpClass()[pri:0, instance:cucumberOptions.TestRunner@7ea37dbf]" started-at="2021-06-28T18:09:06 IST" name="setUpClass" finished-at="2021-06-28T18:09:07 IST" duration-ms="209" status="PASS">
          <reporter-output>
          </reporter-output>
        </test-method> <!-- setUpClass -->
        <test-method signature="feature(cucumber.api.testng.CucumberFeatureWrapper)[pri:0, instance:cucumberOptions.TestRunner@7ea37dbf]" started-at="2021-06-28T18:09:07 IST" name="feature" description="Runs Cucumber Feature" data-provider="features" finished-at="2021-06-28T18:09:30 IST" duration-ms="23352" status="PASS">
          <params>
            <param index="0">
              <value>
                <![CDATA[Login into an Application]]>
              </value>
            </param>
          </params>
          <reporter-output>
          </reporter-output>
        </test-method> <!-- feature -->
        <test-method signature="feature(cucumber.api.testng.CucumberFeatureWrapper)[pri:0, instance:cucumberOptions.TestRunner@7ea37dbf]" started-at="2021-06-28T18:09:30 IST" name="feature" description="Runs Cucumber Feature" data-provider="features" finished-at="2021-06-28T18:09:41 IST" duration-ms="10761" status="PASS">
          <params>
            <param index="0">
              <value>
                <![CDATA[Market Cap API]]>
              </value>
            </param>
          </params>
          <reporter-output>
          </reporter-output>
        </test-method> <!-- feature -->
        <test-method is-config="true" signature="tearDownClass()[pri:0, instance:cucumberOptions.TestRunner@7ea37dbf]" started-at="2021-06-28T18:09:41 IST" name="tearDownClass" finished-at="2021-06-28T18:09:41 IST" duration-ms="34" status="PASS">
          <reporter-output>
          </reporter-output>
        </test-method> <!-- tearDownClass -->
      </class> <!-- cucumberOptions.TestRunner -->
    </test> <!-- Validating User login -->
  </suite> <!-- All Test Suite -->
</testng-results>
