<?xml version="1.0" encoding="UTF-8"?>
<!-- Generated by org.testng.reporters.JUnitXMLReporter -->
<testsuite ignored="0" hostname="ZSRIL-1HST9Y2" failures="0" tests="2" name="Validating User login" time="34.457" errors="0" timestamp="2021-06-28T18:09:41 IST">
  <testcase classname="cucumber.api.testng.AbstractTestNGCucumberTests" name="feature" time="23.352"/>
  <testcase classname="cucumber.api.testng.AbstractTestNGCucumberTests" name="feature" time="10.761"/>
</testsuite> <!-- Validating User login -->
